<?xml version="1.0" encoding="UTF-8" standalone="no"?>
<testsuite failures="0" name="cucumber.runtime.formatter.JUnitFormatter" skipped="0" tests="1" time="48.547319">
    <testcase classname="FreeCRM App Testing" name="validate Free CRM Tasks Page Test" time="48.547319">
        <system-out><![CDATA[Given user opens browser....................................................passed
Then user is on login page..................................................passed
Then user logs into app.....................................................passed
Then validate home page title...............................................passed
Then validate logged in user................................................passed
Then click on task link.....................................................passed
Then create new task........................................................passed
]]></system-out>
    </testcase>
</testsuite>
